#
# A fatal error has been detected by the Java Runtime Environment:
#
#  EXCEPTION_ACCESS_VIOLATION (0xc0000005) at pc=0x0000000004df9cc5, pid=12940, tid=0x0000000000001338
#
# JRE version: Java(TM) SE Runtime Environment (8.0_211-b12) (build 1.8.0_211-b12)
# Java VM: Java HotSpot(TM) 64-Bit Server VM (25.211-b12 mixed mode windows-amd64 compressed oops)
# Problematic frame:
# J 16449 C1 com.android.tools.r8.ir.conversion.IRBuilder.readRegisterRecursive(ILcom/android/tools/r8/ir/code/BasicBlock;Lcom/android/tools/r8/ir/code/BasicBlock$EdgeType;Lcom/android/tools/r8/ir/code/ValueTypeConstraint;Lcom/android/tools/r8/ir/code/Phi$RegisterReadType;)Lcom/android/tools/r8/ir/code/Value; (388 bytes) @ 0x0000000004df9cc5 [0x0000000004df8f40+0xd85]
#
# Failed to write core dump. Minidumps are not enabled by default on client versions of Windows
#
# If you would like to submit a bug report, please visit:
#   http://bugreport.java.com/bugreport/crash.jsp
#

---------------  T H R E A D  ---------------

Current thread (0x00000000156ee000):  JavaThread "ForkJoinPool.commonPool-worker-0" daemon [_thread_in_Java, id=4920, stack(0x0000000021ce0000,0x0000000021de0000)]

siginfo: ExceptionCode=0xc0000005, reading address 0x00000000002f0069

Registers:
RAX=0x00000000002f0061, RBX=0x00000000fc2ddd20, RCX=0x0000000000000000, RDX=0x00000000fc2ea678
RSP=0x0000000021dddd90, RBP=0x0000000021dde068, RSI=0x0000000011500000, RDI=0x0000000100baa828
R8 =0x0000000000000000, R9 =0x0000000020002f6b, R10=0x00000000fc2ddd20, R11=0x00000000002f0061
R12=0x0000000000000000, R13=0x0000000100017b58, R14=0x0000000100017b58, R15=0x00000000156ee000
RIP=0x0000000004df9cc5, EFLAGS=0x0000000000010202

Top of Stack: (sp=0x0000000021dddd90)
0x0000000021dddd90:   0000000000000001 00000000fc2e9380
0x0000000021dddda0:   0000000000000001 00000000fc2e9350
0x0000000021ddddb0:   00000000f67c5508 fc2e9af000000056
0x0000000021ddddc0:   fbc0fe38200002da 00000000f661fb88
0x0000000021ddddd0:   00000000fc2e9af0 00000000f986b3e0
0x0000000021dddde0:   0000005600000000 0000000000000007
0x0000000021ddddf0:   0000000100033c38 00000001f998d438
0x0000000021ddde00:   00000000fbc0fe38 00000000f998d438
0x0000000021ddde10:   00000000f998d438 0000000021dddec0
0x0000000021ddde20:   000000000284835d 0000000000000000
0x0000000021ddde30:   0000000000000001 00000000fc083f30
0x0000000021ddde40:   0000000021dddf28 000000000543fd2c
0x0000000021ddde50:   00000000f9962ae8 00000000fc2ea5d0
0x0000000021ddde60:   00000000fc2ddd20 00000000f9954350
0x0000000021ddde70:   00000000fc2ddcc0 00000000fc2bdee8
0x0000000021ddde80:   0000000000000003 00000000f99f02f0 

Instructions: (pc=0x0000000004df9cc5)
0x0000000004df9ca5:   d0 44 28 00 00 00 00 81 8a f0 02 00 00 00 01 00
0x0000000004df9cb5:   00 e9 c1 00 00 00 48 bf 28 a8 ba 00 01 00 00 00
0x0000000004df9cc5:   44 8b 40 08 49 c1 e0 03 49 3b f8 0f 85 8a 00 00
0x0000000004df9cd5:   00 48 ba 40 d0 44 28 00 00 00 00 8b 78 08 48 c1 


Register to memory mapping:

RAX=0x00000000002f0061 is an unknown value
RBX=0x00000000fc2ddd20 is an oop
java.util.ArrayList 
 - klass: 'java/util/ArrayList'
RCX=0x0000000000000000 is an unknown value
RDX=0x00000000fc2ea678 is an oop
java.util.Collections$UnmodifiableRandomAccessList 
 - klass: 'java/util/Collections$UnmodifiableRandomAccessList'
RSP=0x0000000021dddd90 is pointing into the stack for thread: 0x00000000156ee000
RBP=0x0000000021dde068 is pointing into the stack for thread: 0x00000000156ee000
RSI=0x0000000011500000 is an unknown value
RDI=0x0000000100baa828 is pointing into metadata
R8 =0x0000000000000000 is an unknown value
R9 =0x0000000020002f6b is pointing into metadata
R10=0x00000000fc2ddd20 is an oop
java.util.ArrayList 
 - klass: 'java/util/ArrayList'
R11=0x00000000002f0061 is an unknown value
R12=0x0000000000000000 is an unknown value
R13=0x0000000100017b58 is pointing into metadata
R14=0x0000000100017b58 is pointing into metadata
R15=0x00000000156ee000 is a thread


Stack: [0x0000000021ce0000,0x0000000021de0000],  sp=0x0000000021dddd90,  free space=1015k
Native frames: (J=compiled Java code, j=interpreted, Vv=VM code, C=native code)
C  0x0000000004df9cc5


---------------  P R O C E S S  ---------------

Java Threads: ( => current thread )
  0x00000000156f6800 JavaThread "ForkJoinPool.commonPool-worker-2" daemon [_thread_blocked, id=11908, stack(0x0000000022fe0000,0x00000000230e0000)]
  0x00000000156f5800 JavaThread "ForkJoinPool.commonPool-worker-1" daemon [_thread_in_vm, id=7528, stack(0x0000000022ee0000,0x0000000022fe0000)]
=>0x00000000156ee000 JavaThread "ForkJoinPool.commonPool-worker-0" daemon [_thread_in_Java, id=4920, stack(0x0000000021ce0000,0x0000000021de0000)]
  0x00000000156eb000 JavaThread "Cache worker for Java compile cache (C:\Users\Aakas\OneDrive\Desktop\Practise\ReactNativeBoilerPlate\android\.gradle\5.5\javaCompile)" [_thread_blocked, id=13240, stack(0x0000000021ee0000,0x0000000021fe0000)]
  0x00000000156f2000 JavaThread "Cache worker for Java compile cache (C:\Users\Aakas\.gradle\caches\5.5\javaCompile)" [_thread_blocked, id=316, stack(0x0000000021de0000,0x0000000021ee0000)]
  0x00000000156f3800 JavaThread "stdout" daemon [_thread_in_native, id=11916, stack(0x00000000227e0000,0x00000000228e0000)]
  0x00000000156f0000 JavaThread "stderr" daemon [_thread_in_native, id=1992, stack(0x00000000226e0000,0x00000000227e0000)]
  0x00000000156e8000 JavaThread "stdout" daemon [_thread_in_native, id=5328, stack(0x00000000225e0000,0x00000000226e0000)]
  0x00000000156ec800 JavaThread "stderr" daemon [_thread_in_native, id=10948, stack(0x00000000224e0000,0x00000000225e0000)]
  0x00000000156ed000 JavaThread "stdout" daemon [_thread_in_native, id=10096, stack(0x00000000223e0000,0x00000000224e0000)]
  0x00000000156eb800 JavaThread "stderr" daemon [_thread_in_native, id=8744, stack(0x00000000222e0000,0x00000000223e0000)]
  0x00000000156ee800 JavaThread "pool-3-thread-1" [_thread_blocked, id=13136, stack(0x00000000221e0000,0x00000000222e0000)]
  0x000000001cd40000 JavaThread "Cache worker for execution history cache (C:\Users\Aakas\OneDrive\Desktop\Practise\ReactNativeBoilerPlate\android\.gradle\5.5\executionHistory)" [_thread_blocked, id=8488, stack(0x00000000219e0000,0x0000000021ae0000)]
  0x000000001cd45800 JavaThread "Execution worker for ':' Thread 3" [_thread_blocked, id=10876, stack(0x00000000216e0000,0x00000000217e0000)]
  0x000000001cd44000 JavaThread "Execution worker for ':' Thread 2" [_thread_blocked, id=664, stack(0x00000000215e0000,0x00000000216e0000)]
  0x000000001cd43000 JavaThread "Execution worker for ':'" [_thread_blocked, id=12016, stack(0x00000000214e0000,0x00000000215e0000)]
  0x000000001cd3b800 JavaThread "Cache worker for file content cache (C:\Users\Aakas\OneDrive\Desktop\Practise\ReactNativeBoilerPlate\android\.gradle\5.5\fileContent)" [_thread_blocked, id=192, stack(0x00000000213e0000,0x00000000214e0000)]
  0x000000001cd42800 JavaThread "Cache worker for file content cache (C:\Users\Aakas\.gradle\caches\5.5\fileContent)" [_thread_blocked, id=13192, stack(0x00000000212e0000,0x00000000213e0000)]
  0x000000001cd3c800 JavaThread "Memory manager" [_thread_blocked, id=4056, stack(0x0000000002510000,0x0000000002610000)]
  0x000000001cd3f800 JavaThread "Cache worker for Build Output Cleanup Cache (C:\Users\Aakas\OneDrive\Desktop\Practise\ReactNativeBoilerPlate\android\.gradle\buildOutputCleanup)" [_thread_blocked, id=12092, stack(0x000000001fae0000,0x000000001fbe0000)]
  0x000000001cd38000 JavaThread "pool-1-thread-1" [_thread_blocked, id=11944, stack(0x000000001d420000,0x000000001d520000)]
  0x000000001cd39800 JavaThread "Build operations Thread 4" [_thread_blocked, id=2384, stack(0x000000001f3e0000,0x000000001f4e0000)]
  0x000000001cd38800 JavaThread "Build operations Thread 3" [_thread_blocked, id=1408, stack(0x000000001f2e0000,0x000000001f3e0000)]
  0x000000001cd3e800 JavaThread "Build operations Thread 2" [_thread_blocked, id=10636, stack(0x000000001f1e0000,0x000000001f2e0000)]
  0x000000001cd37000 JavaThread "Build operations" [_thread_blocked, id=1184, stack(0x000000001f0e0000,0x000000001f1e0000)]
  0x000000001cd3e000 JavaThread "Cache worker for execution history cache (C:\Users\Aakas\.gradle\caches\5.5\executionHistory)" [_thread_blocked, id=10844, stack(0x000000001bed0000,0x000000001bfd0000)]
  0x000000001cd3d000 JavaThread "Cache worker for cache directory md-rule (C:\Users\Aakas\.gradle\caches\5.5\md-rule)" [_thread_blocked, id=9736, stack(0x000000001ebe0000,0x000000001ece0000)]
  0x0000000016f78800 JavaThread "Cache worker for cache directory md-supplier (C:\Users\Aakas\.gradle\caches\5.5\md-supplier)" [_thread_blocked, id=8500, stack(0x000000001c330000,0x000000001c430000)]
  0x0000000016f7c000 JavaThread "Cache worker for file hash cache (C:\Users\Aakas\OneDrive\Desktop\Practise\ReactNativeBoilerPlate\android\.gradle\5.5\fileHashes)" [_thread_blocked, id=2484, stack(0x000000001c030000,0x000000001c130000)]
  0x0000000016f7b800 JavaThread "Cache worker for journal cache (C:\Users\Aakas\.gradle\caches\journal-1)" [_thread_blocked, id=6372, stack(0x0000000018760000,0x0000000018860000)]
  0x0000000016f77000 JavaThread "File lock request listener" [_thread_in_native, id=9424, stack(0x0000000018660000,0x0000000018760000)]
  0x0000000016f7a000 JavaThread "Cache worker for file hash cache (C:\Users\Aakas\.gradle\caches\5.5\fileHashes)" [_thread_blocked, id=3912, stack(0x0000000018560000,0x0000000018660000)]
  0x000000001611f000 JavaThread "Thread-9" [_thread_blocked, id=10812, stack(0x0000000018460000,0x0000000018560000)]
  0x000000001611a000 JavaThread "Stdin handler" [_thread_blocked, id=8684, stack(0x0000000018360000,0x0000000018460000)]
  0x0000000016107800 JavaThread "Asynchronous log dispatcher for DefaultDaemonConnection: socket connection from /127.0.0.1:55513 to /127.0.0.1:55514" [_thread_blocked, id=2816, stack(0x0000000018260000,0x0000000018360000)]
  0x0000000016107000 JavaThread "Daemon worker" [_thread_blocked, id=6700, stack(0x0000000017f60000,0x0000000018060000)]
  0x0000000016106000 JavaThread "Cancel handler" [_thread_blocked, id=11172, stack(0x0000000017e60000,0x0000000017f60000)]
  0x0000000016105800 JavaThread "Handler for socket connection from /127.0.0.1:55513 to /127.0.0.1:55514" [_thread_in_native, id=9176, stack(0x0000000017d60000,0x0000000017e60000)]
  0x0000000016102800 JavaThread "Daemon" [_thread_blocked, id=12312, stack(0x0000000017c60000,0x0000000017d60000)]
  0x0000000016b21800 JavaThread "Daemon periodic checks" [_thread_blocked, id=11988, stack(0x0000000017b60000,0x0000000017c60000)]
  0x0000000016120000 JavaThread "Incoming local TCP Connector on port 55513" [_thread_in_native, id=812, stack(0x0000000017920000,0x0000000017a20000)]
  0x00000000168d7800 JavaThread "Daemon health stats" [_thread_blocked, id=10360, stack(0x00000000172e0000,0x00000000173e0000)]
  0x0000000015543800 JavaThread "Service Thread" daemon [_thread_blocked, id=12116, stack(0x0000000015910000,0x0000000015a10000)]
  0x0000000013bbf800 JavaThread "C1 CompilerThread2" daemon [_thread_blocked, id=7152, stack(0x0000000015410000,0x0000000015510000)]
  0x0000000013bb7000 JavaThread "C2 CompilerThread1" daemon [_thread_blocked, id=11400, stack(0x0000000015310000,0x0000000015410000)]
  0x0000000013bb3000 JavaThread "C2 CompilerThread0" daemon [_thread_in_native, id=440, stack(0x0000000015210000,0x0000000015310000)]
  0x0000000013bb1800 JavaThread "Attach Listener" daemon [_thread_blocked, id=4748, stack(0x0000000015110000,0x0000000015210000)]
  0x0000000013bae800 JavaThread "Signal Dispatcher" daemon [_thread_blocked, id=12432, stack(0x0000000015010000,0x0000000015110000)]
  0x000000000283c000 JavaThread "Finalizer" daemon [_thread_blocked, id=4068, stack(0x0000000014e10000,0x0000000014f10000)]
  0x0000000013b9a000 JavaThread "Reference Handler" daemon [_thread_blocked, id=6572, stack(0x0000000014d10000,0x0000000014e10000)]
  0x0000000002742800 JavaThread "main" [_thread_blocked, id=5448, stack(0x0000000002640000,0x0000000002740000)]

Other Threads:
  0x0000000013b77800 VMThread [stack: 0x0000000014c10000,0x0000000014d10000] [id=12584]
  0x000000001555e000 WatcherThread [stack: 0x0000000015a10000,0x0000000015b10000] [id=7608]

VM state:synchronizing (normal execution)

VM Mutex/Monitor currently owned by a thread:  ([mutex/lock_event])
[0x000000000263e380] Safepoint_lock - owner thread: 0x0000000013b77800
[0x000000000263d800] Threads_lock - owner thread: 0x0000000013b77800

heap address: 0x00000000e0000000, size: 512 MB, Compressed Oops mode: 32-bit
Narrow klass base: 0x0000000000000000, Narrow klass shift: 3
Compressed class space size: 1073741824 Address: 0x0000000100000000

Heap:
 PSYoungGen      total 146944K, used 130571K [0x00000000f5580000, 0x00000000ffe80000, 0x0000000100000000)
  eden space 120320K, 97% used [0x00000000f5580000,0x00000000fc84e338,0x00000000fcb00000)
  from space 26624K, 48% used [0x00000000fe480000,0x00000000ff134c40,0x00000000ffe80000)
  to   space 26112K, 0% used [0x00000000fcb00000,0x00000000fcb00000,0x00000000fe480000)
 ParOldGen       total 245248K, used 140166K [0x00000000e0000000, 0x00000000eef80000, 0x00000000f5580000)
  object space 245248K, 57% used [0x00000000e0000000,0x00000000e88e1800,0x00000000eef80000)
 Metaspace       used 90908K, capacity 94174K, committed 94296K, reserved 1130496K
  class space    used 11907K, capacity 12600K, committed 12632K, reserved 1048576K

Card table byte_map: [0x0000000011c00000,0x0000000011d10000] byte_map_base: 0x0000000011500000

Marking Bits: (ParMarkBitMap*) 0x0000000062075ce0
 Begin Bits: [0x0000000012110000, 0x0000000012910000)
 End Bits:   [0x0000000012910000, 0x0000000013110000)

Polling page: 0x0000000000830000

CodeCache: size=245760Kb used=45647Kb max_used=45647Kb free=200112Kb
 bounds [0x0000000002840000, 0x0000000005520000, 0x0000000011840000]
 total_blobs=14607 nmethods=13690 adapters=828
 compilation: enabled

Compilation events (10 events):
Event: 341.492 Thread 0x0000000013bbf800 nmethod 16875 0x00000000054d7390 code [0x00000000054d75a0, 0x00000000054d8058]
Event: 341.492 Thread 0x0000000013bbf800 16879       3       com.android.tools.r8.ir.regalloc.LinearScanRegisterAllocator::useRegisterHint (246 bytes)
Event: 341.493 Thread 0x0000000013bb7000 nmethod 16617 0x00000000054d85d0 code [0x00000000054d8940, 0x00000000054db908]
Event: 341.493 Thread 0x0000000013bb7000 16729       4       java.util.stream.AbstractPipeline::wrapSink (37 bytes)
Event: 341.496 Thread 0x0000000013bbf800 nmethod 16879 0x00000000054c7b90 code [0x00000000054c8020, 0x00000000054cabf8]
Event: 341.496 Thread 0x0000000013bbf800 16882       3       com.android.tools.r8.ir.conversion.JarState::mergeLocals (201 bytes)
Event: 341.497 Thread 0x0000000013bbf800 nmethod 16882 0x00000000054e1510 code [0x00000000054e1720, 0x00000000054e22f8]
Event: 341.497 Thread 0x0000000013bbf800 16881       3       com.android.tools.r8.ir.optimize.BasicBlockInstructionsEquivalence::doEquivalent (13 bytes)
Event: 341.498 Thread 0x0000000013bb7000 nmethod 16729 0x00000000054c7610 code [0x00000000054c7760, 0x00000000054c7998]
Event: 341.498 Thread 0x0000000013bb7000 16685       4       com.android.tools.r8.ir.code.Value::outType (8 bytes)

GC Heap History (10 events):
Event: 328.956 GC heap before
{Heap before GC invocations=33 (full 3):
 PSYoungGen      total 145408K, used 116992K [0x00000000f5580000, 0x0000000100000000, 0x0000000100000000)
  eden space 116736K, 100% used [0x00000000f5580000,0x00000000fc780000,0x00000000fc780000)
  from space 28672K, 0% used [0x00000000fc780000,0x00000000fc7c0000,0x00000000fe380000)
  to   space 29184K, 0% used [0x00000000fe380000,0x00000000fe380000,0x0000000100000000)
 ParOldGen       total 245248K, used 129544K [0x00000000e0000000, 0x00000000eef80000, 0x00000000f5580000)
  object space 245248K, 52% used [0x00000000e0000000,0x00000000e7e82088,0x00000000eef80000)
 Metaspace       used 75026K, capacity 77570K, committed 77656K, reserved 1116160K
  class space    used 9906K, capacity 10506K, committed 10584K, reserved 1048576K
Event: 328.965 GC heap after
Heap after GC invocations=33 (full 3):
 PSYoungGen      total 145408K, used 672K [0x00000000f5580000, 0x0000000100000000, 0x0000000100000000)
  eden space 116224K, 0% used [0x00000000f5580000,0x00000000f5580000,0x00000000fc700000)
  from space 29184K, 2% used [0x00000000fe380000,0x00000000fe428000,0x0000000100000000)
  to   space 29184K, 0% used [0x00000000fc700000,0x00000000fc700000,0x00000000fe380000)
 ParOldGen       total 245248K, used 129740K [0x00000000e0000000, 0x00000000eef80000, 0x00000000f5580000)
  object space 245248K, 52% used [0x00000000e0000000,0x00000000e7eb30b8,0x00000000eef80000)
 Metaspace       used 75026K, capacity 77570K, committed 77656K, reserved 1116160K
  class space    used 9906K, capacity 10506K, committed 10584K, reserved 1048576K
}
Event: 332.862 GC heap before
{Heap before GC invocations=34 (full 3):
 PSYoungGen      total 145408K, used 116896K [0x00000000f5580000, 0x0000000100000000, 0x0000000100000000)
  eden space 116224K, 100% used [0x00000000f5580000,0x00000000fc700000,0x00000000fc700000)
  from space 29184K, 2% used [0x00000000fe380000,0x00000000fe428000,0x0000000100000000)
  to   space 29184K, 0% used [0x00000000fc700000,0x00000000fc700000,0x00000000fe380000)
 ParOldGen       total 245248K, used 129740K [0x00000000e0000000, 0x00000000eef80000, 0x00000000f5580000)
  object space 245248K, 52% used [0x00000000e0000000,0x00000000e7eb30b8,0x00000000eef80000)
 Metaspace       used 81097K, capacity 83650K, committed 83672K, reserved 1122304K
  class space    used 10610K, capacity 11210K, committed 11224K, reserved 1048576K
Event: 332.909 GC heap after
Heap after GC invocations=34 (full 3):
 PSYoungGen      total 124416K, used 8014K [0x00000000f5580000, 0x00000000ffd00000, 0x0000000100000000)
  eden space 116224K, 0% used [0x00000000f5580000,0x00000000f5580000,0x00000000fc700000)
  from space 8192K, 97% used [0x00000000fc700000,0x00000000fced38d8,0x00000000fcf00000)
  to   space 27648K, 0% used [0x00000000fe200000,0x00000000fe200000,0x00000000ffd00000)
 ParOldGen       total 245248K, used 130356K [0x00000000e0000000, 0x00000000eef80000, 0x00000000f5580000)
  object space 245248K, 53% used [0x00000000e0000000,0x00000000e7f4d0b8,0x00000000eef80000)
 Metaspace       used 81097K, capacity 83650K, committed 83672K, reserved 1122304K
  class space    used 10610K, capacity 11210K, committed 11224K, reserved 1048576K
}
Event: 335.916 GC heap before
{Heap before GC invocations=35 (full 3):
 PSYoungGen      total 124416K, used 124238K [0x00000000f5580000, 0x00000000ffd00000, 0x0000000100000000)
  eden space 116224K, 100% used [0x00000000f5580000,0x00000000fc700000,0x00000000fc700000)
  from space 8192K, 97% used [0x00000000fc700000,0x00000000fced38d8,0x00000000fcf00000)
  to   space 27648K, 0% used [0x00000000fe200000,0x00000000fe200000,0x00000000ffd00000)
 ParOldGen       total 245248K, used 130356K [0x00000000e0000000, 0x00000000eef80000, 0x00000000f5580000)
  object space 245248K, 53% used [0x00000000e0000000,0x00000000e7f4d0b8,0x00000000eef80000)
 Metaspace       used 81156K, capacity 83656K, committed 83928K, reserved 1122304K
  class space    used 10610K, capacity 11211K, committed 11224K, reserved 1048576K
Event: 335.934 GC heap after
Heap after GC invocations=35 (full 3):
 PSYoungGen      total 144384K, used 5216K [0x00000000f5580000, 0x0000000100000000, 0x0000000100000000)
  eden space 116736K, 0% used [0x00000000f5580000,0x00000000f5580000,0x00000000fc780000)
  from space 27648K, 18% used [0x00000000fe200000,0x00000000fe718000,0x00000000ffd00000)
  to   space 27136K, 0% used [0x00000000fc780000,0x00000000fc780000,0x00000000fe200000)
 ParOldGen       total 245248K, used 132553K [0x00000000e0000000, 0x00000000eef80000, 0x00000000f5580000)
  object space 245248K, 54% used [0x00000000e0000000,0x00000000e8172700,0x00000000eef80000)
 Metaspace       used 81156K, capacity 83656K, committed 83928K, reserved 1122304K
  class space    used 10610K, capacity 11211K, committed 11224K, reserved 1048576K
}
Event: 337.656 GC heap before
{Heap before GC invocations=36 (full 3):
 PSYoungGen      total 144384K, used 121952K [0x00000000f5580000, 0x0000000100000000, 0x0000000100000000)
  eden space 116736K, 100% used [0x00000000f5580000,0x00000000fc780000,0x00000000fc780000)
  from space 27648K, 18% used [0x00000000fe200000,0x00000000fe718000,0x00000000ffd00000)
  to   space 27136K, 0% used [0x00000000fc780000,0x00000000fc780000,0x00000000fe200000)
 ParOldGen       total 245248K, used 132606K [0x00000000e0000000, 0x00000000eef80000, 0x00000000f5580000)
  object space 245248K, 54% used [0x00000000e0000000,0x00000000e817fb30,0x00000000eef80000)
 Metaspace       used 82053K, capacity 84652K, committed 84824K, reserved 1122304K
  class space    used 10731K, capacity 11337K, committed 11352K, reserved 1048576K
Event: 337.686 GC heap after
Heap after GC invocations=36 (full 3):
 PSYoungGen      total 143872K, used 13128K [0x00000000f5580000, 0x00000000ffe80000, 0x0000000100000000)
  eden space 116736K, 0% used [0x00000000f5580000,0x00000000f5580000,0x00000000fc780000)
  from space 27136K, 48% used [0x00000000fc780000,0x00000000fd452330,0x00000000fe200000)
  to   space 26624K, 0% used [0x00000000fe480000,0x00000000fe480000,0x00000000ffe80000)
 ParOldGen       total 245248K, used 135762K [0x00000000e0000000, 0x00000000eef80000, 0x00000000f5580000)
  object space 245248K, 55% used [0x00000000e0000000,0x00000000e8494888,0x00000000eef80000)
 Metaspace       used 82053K, capacity 84652K, committed 84824K, reserved 1122304K
  class space    used 10731K, capacity 11337K, committed 11352K, reserved 1048576K
}
Event: 339.423 GC heap before
{Heap before GC invocations=37 (full 3):
 PSYoungGen      total 143872K, used 129864K [0x00000000f5580000, 0x00000000ffe80000, 0x0000000100000000)
  eden space 116736K, 100% used [0x00000000f5580000,0x00000000fc780000,0x00000000fc780000)
  from space 27136K, 48% used [0x00000000fc780000,0x00000000fd452330,0x00000000fe200000)
  to   space 26624K, 0% used [0x00000000fe480000,0x00000000fe480000,0x00000000ffe80000)
 ParOldGen       total 245248K, used 135776K [0x00000000e0000000, 0x00000000eef80000, 0x00000000f5580000)
  object space 245248K, 55% used [0x00000000e0000000,0x00000000e8498240,0x00000000eef80000)
 Metaspace       used 83155K, capacity 85798K, committed 86104K, reserved 1124352K
  class space    used 10879K, capacity 11494K, committed 11608K, reserved 1048576K
Event: 339.442 GC heap after
Heap after GC invocations=37 (full 3):
 PSYoungGen      total 146944K, used 13011K [0x00000000f5580000, 0x00000000ffe80000, 0x0000000100000000)
  eden space 120320K, 0% used [0x00000000f5580000,0x00000000f5580000,0x00000000fcb00000)
  from space 26624K, 48% used [0x00000000fe480000,0x00000000ff134c40,0x00000000ffe80000)
  to   space 26112K, 0% used [0x00000000fcb00000,0x00000000fcb00000,0x00000000fe480000)
 ParOldGen       total 245248K, used 140166K [0x00000000e0000000, 0x00000000eef80000, 0x00000000f5580000)
  object space 245248K, 57% used [0x00000000e0000000,0x00000000e88e1800,0x00000000eef80000)
 Metaspace       used 83155K, capacity 85798K, committed 86104K, reserved 1124352K
  class space    used 10879K, capacity 11494K, committed 11608K, reserved 1048576K
}

Deoptimization events (10 events):
Event: 341.194 Thread 0x00000000156f6800 Uncommon trap: reason=bimorphic action=maybe_recompile pc=0x0000000003ad98e0 method=java.util.zip.DeflaterOutputStream.deflate()V @ 32
Event: 341.256 Thread 0x00000000156f6800 Uncommon trap: reason=bimorphic action=maybe_recompile pc=0x00000000041297a4 method=java.util.concurrent.TimeUnit$4.convert(JLjava/util/concurrent/TimeUnit;)J @ 2
Event: 341.311 Thread 0x00000000156f5800 Uncommon trap: reason=bimorphic action=maybe_recompile pc=0x0000000005419020 method=com.android.tools.r8.ir.code.ValueType.fromTypeLattice(Lcom/android/tools/r8/ir/analysis/type/TypeLatticeElement;)Lcom/android/tools/r8/ir/code/ValueType; @ 23
Event: 341.311 Thread 0x00000000156f5800 Uncommon trap: reason=bimorphic action=maybe_recompile pc=0x0000000005419020 method=com.android.tools.r8.ir.code.ValueType.fromTypeLattice(Lcom/android/tools/r8/ir/analysis/type/TypeLatticeElement;)Lcom/android/tools/r8/ir/code/ValueType; @ 23
Event: 341.311 Thread 0x00000000156f5800 Uncommon trap: reason=bimorphic action=maybe_recompile pc=0x0000000005419020 method=com.android.tools.r8.ir.code.ValueType.fromTypeLattice(Lcom/android/tools/r8/ir/analysis/type/TypeLatticeElement;)Lcom/android/tools/r8/ir/code/ValueType; @ 23
Event: 341.311 Thread 0x00000000156f5800 Uncommon trap: reason=bimorphic action=maybe_recompile pc=0x0000000005419020 method=com.android.tools.r8.ir.code.ValueType.fromTypeLattice(Lcom/android/tools/r8/ir/analysis/type/TypeLatticeElement;)Lcom/android/tools/r8/ir/code/ValueType; @ 23
Event: 341.411 Thread 0x00000000156f6800 Uncommon trap: reason=bimorphic action=maybe_recompile pc=0x00000000041297a4 method=java.util.concurrent.TimeUnit$4.convert(JLjava/util/concurrent/TimeUnit;)J @ 2
Event: 341.411 Thread 0x00000000156f6800 Uncommon trap: reason=bimorphic action=maybe_recompile pc=0x0000000003ad98e0 method=java.util.zip.DeflaterOutputStream.deflate()V @ 32
Event: 341.411 Thread 0x00000000156f6800 Uncommon trap: reason=bimorphic action=maybe_recompile pc=0x0000000003ad98e0 method=java.util.zip.DeflaterOutputStream.deflate()V @ 32
Event: 341.417 Thread 0x00000000156f6800 Uncommon trap: reason=bimorphic action=maybe_recompile pc=0x00000000041297a4 method=java.util.concurrent.TimeUnit$4.convert(JLjava/util/concurrent/TimeUnit;)J @ 2

Classes redefined (0 events):
No events

Internal exceptions (10 events):
Event: 340.484 Thread 0x000000001cd43000 Exception <a 'sun/nio/fs/WindowsException'> (0x00000000fa0c29b8) thrown at [C:\re\workspace\8-2-build-windows-amd64-cygwin\jdk8u211\12973\hotspot\src\share\vm\prims\jni.cpp, line 710]
Event: 340.576 Thread 0x000000001cd43000 Exception <a 'sun/nio/fs/WindowsException'> (0x00000000fa0f9838) thrown at [C:\re\workspace\8-2-build-windows-amd64-cygwin\jdk8u211\12973\hotspot\src\share\vm\prims\jni.cpp, line 710]
Event: 340.577 Thread 0x000000001cd43000 Exception <a 'sun/nio/fs/WindowsException'> (0x00000000fa0fa268) thrown at [C:\re\workspace\8-2-build-windows-amd64-cygwin\jdk8u211\12973\hotspot\src\share\vm\prims\jni.cpp, line 710]
Event: 340.577 Thread 0x000000001cd43000 Exception <a 'sun/nio/fs/WindowsException'> (0x00000000fa0fbd60) thrown at [C:\re\workspace\8-2-build-windows-amd64-cygwin\jdk8u211\12973\hotspot\src\share\vm\prims\jni.cpp, line 710]
Event: 340.586 Thread 0x000000001cd43000 Exception <a 'sun/nio/fs/WindowsException'> (0x00000000fa46bb18) thrown at [C:\re\workspace\8-2-build-windows-amd64-cygwin\jdk8u211\12973\hotspot\src\share\vm\prims\jni.cpp, line 710]
Event: 340.586 Thread 0x000000001cd43000 Exception <a 'sun/nio/fs/WindowsException'> (0x00000000fa46c548) thrown at [C:\re\workspace\8-2-build-windows-amd64-cygwin\jdk8u211\12973\hotspot\src\share\vm\prims\jni.cpp, line 710]
Event: 340.586 Thread 0x000000001cd43000 Exception <a 'sun/nio/fs/WindowsException'> (0x00000000fa46e040) thrown at [C:\re\workspace\8-2-build-windows-amd64-cygwin\jdk8u211\12973\hotspot\src\share\vm\prims\jni.cpp, line 710]
Event: 340.606 Thread 0x000000001cd43000 Exception <a 'sun/nio/fs/WindowsException'> (0x00000000fa49d5c0) thrown at [C:\re\workspace\8-2-build-windows-amd64-cygwin\jdk8u211\12973\hotspot\src\share\vm\prims\jni.cpp, line 710]
Event: 340.606 Thread 0x000000001cd43000 Exception <a 'sun/nio/fs/WindowsException'> (0x00000000fa49dff0) thrown at [C:\re\workspace\8-2-build-windows-amd64-cygwin\jdk8u211\12973\hotspot\src\share\vm\prims\jni.cpp, line 710]
Event: 340.606 Thread 0x000000001cd43000 Exception <a 'sun/nio/fs/WindowsException'> (0x00000000fa49fae8) thrown at [C:\re\workspace\8-2-build-windows-amd64-cygwin\jdk8u211\12973\hotspot\src\share\vm\prims\jni.cpp, line 710]

Events (10 events):
Event: 341.411 Thread 0x00000000156f6800 Uncommon trap: trap_request=0xffffffc6 fr.pc=0x0000000003ad98e0
Event: 341.411 Thread 0x00000000156f6800 DEOPT PACKING pc=0x0000000003ad98e0 sp=0x00000000230de040
Event: 341.411 Thread 0x00000000156f6800 DEOPT UNPACKING pc=0x000000000288583b sp=0x00000000230de090 mode 2
Event: 341.417 Thread 0x00000000156f6800 Uncommon trap: trap_request=0xffffffc6 fr.pc=0x00000000041297a4
Event: 341.417 Thread 0x00000000156f6800 DEOPT PACKING pc=0x00000000041297a4 sp=0x00000000230de540
Event: 341.417 Thread 0x00000000156f6800 DEOPT UNPACKING pc=0x000000000288583b sp=0x00000000230de4b8 mode 2
Event: 341.458 Executing VM operation: RevokeBias
Event: 341.459 Executing VM operation: RevokeBias done
Event: 341.461 loading class com/android/tools/r8/cf/code/CfInstanceOf
Event: 341.461 loading class com/android/tools/r8/cf/code/CfInstanceOf done


Dynamic libraries:
0x00007ff7648c0000 - 0x00007ff7648f7000 	C:\Program Files\Java\jdk1.8.0_211\bin\java.exe
0x00007ff9674d0000 - 0x00007ff9676c4000 	C:\WINDOWS\SYSTEM32\ntdll.dll
0x00007ff965ca0000 - 0x00007ff965d5d000 	C:\WINDOWS\System32\KERNEL32.DLL
0x00007ff964ca0000 - 0x00007ff964f67000 	C:\WINDOWS\System32\KERNELBASE.dll
0x00007ff965d60000 - 0x00007ff965e0a000 	C:\WINDOWS\System32\ADVAPI32.dll
0x00007ff967290000 - 0x00007ff96732e000 	C:\WINDOWS\System32\msvcrt.dll
0x00007ff966fa0000 - 0x00007ff96703b000 	C:\WINDOWS\System32\sechost.dll
0x00007ff967040000 - 0x00007ff967163000 	C:\WINDOWS\System32\RPCRT4.dll
0x00007ff966cb0000 - 0x00007ff966e50000 	C:\WINDOWS\System32\USER32.dll
0x00007ff965230000 - 0x00007ff965252000 	C:\WINDOWS\System32\win32u.dll
0x00007ff966f70000 - 0x00007ff966f9a000 	C:\WINDOWS\System32\GDI32.dll
0x00007ff965120000 - 0x00007ff96522a000 	C:\WINDOWS\System32\gdi32full.dll
0x00007ff965410000 - 0x00007ff9654ad000 	C:\WINDOWS\System32\msvcp_win.dll
0x00007ff965310000 - 0x00007ff965410000 	C:\WINDOWS\System32\ucrtbase.dll
0x00007ff95c7f0000 - 0x00007ff95ca8a000 	C:\WINDOWS\WinSxS\amd64_microsoft.windows.common-controls_6595b64144ccf1df_6.0.19041.1_none_b555e41d4684ddec\COMCTL32.dll
0x00007ff965530000 - 0x00007ff965560000 	C:\WINDOWS\System32\IMM32.DLL
0x0000000062100000 - 0x00000000621d2000 	C:\Program Files\Java\jdk1.8.0_211\jre\bin\msvcr100.dll
0x0000000061850000 - 0x00000000620f5000 	C:\Program Files\Java\jdk1.8.0_211\jre\bin\server\jvm.dll
0x00007ff9671f0000 - 0x00007ff9671f8000 	C:\WINDOWS\System32\PSAPI.DLL
0x00007ff9597a0000 - 0x00007ff9597c7000 	C:\WINDOWS\SYSTEM32\WINMM.dll
0x00007ff950350000 - 0x00007ff950359000 	C:\WINDOWS\SYSTEM32\WSOCK32.dll
0x00007ff967180000 - 0x00007ff9671eb000 	C:\WINDOWS\System32\WS2_32.dll
0x00007ff95a1d0000 - 0x00007ff95a1da000 	C:\WINDOWS\SYSTEM32\VERSION.dll
0x00007ff950340000 - 0x00007ff95034f000 	C:\Program Files\Java\jdk1.8.0_211\jre\bin\verify.dll
0x00007ff94eb40000 - 0x00007ff94eb69000 	C:\Program Files\Java\jdk1.8.0_211\jre\bin\java.dll
0x00007ff94fab0000 - 0x00007ff94fac6000 	C:\Program Files\Java\jdk1.8.0_211\jre\bin\zip.dll
0x00007ff965560000 - 0x00007ff965c91000 	C:\WINDOWS\System32\SHELL32.dll
0x00007ff962da0000 - 0x00007ff96352a000 	C:\WINDOWS\SYSTEM32\windows.storage.dll
0x00007ff966360000 - 0x00007ff9666b4000 	C:\WINDOWS\System32\combase.dll
0x00007ff964690000 - 0x00007ff9646bb000 	C:\WINDOWS\SYSTEM32\Wldp.dll
0x00007ff966eb0000 - 0x00007ff966f5e000 	C:\WINDOWS\System32\SHCORE.dll
0x00007ff966e50000 - 0x00007ff966ea5000 	C:\WINDOWS\System32\shlwapi.dll
0x00007ff964b50000 - 0x00007ff964b6f000 	C:\WINDOWS\SYSTEM32\profapi.dll
0x00007ff94efb0000 - 0x00007ff94efca000 	C:\Program Files\Java\jdk1.8.0_211\jre\bin\net.dll
0x00007ff95ea20000 - 0x00007ff95ec0d000 	C:\WINDOWS\SYSTEM32\urlmon.dll
0x00007ff95e690000 - 0x00007ff95e93e000 	C:\WINDOWS\SYSTEM32\iertutil.dll
0x00007ff964410000 - 0x00007ff96447a000 	C:\WINDOWS\system32\mswsock.dll
0x00007ff94e8c0000 - 0x00007ff94e8d2000 	C:\Program Files\Java\jdk1.8.0_211\jre\bin\nio.dll
0x00007ff94c5e0000 - 0x00007ff94c606000 	C:\Users\Aakas\.gradle\native\29\windows-amd64\native-platform.dll
0x00007ff94f720000 - 0x00007ff94f72d000 	C:\Program Files\Java\jdk1.8.0_211\jre\bin\management.dll
0x00007ff9645f0000 - 0x00007ff964608000 	C:\WINDOWS\SYSTEM32\CRYPTSP.dll
0x00007ff963d30000 - 0x00007ff963d64000 	C:\WINDOWS\system32\rsaenh.dll
0x00007ff964c10000 - 0x00007ff964c37000 	C:\WINDOWS\System32\bcrypt.dll
0x00007ff964b10000 - 0x00007ff964b3e000 	C:\WINDOWS\SYSTEM32\USERENV.dll
0x00007ff9654b0000 - 0x00007ff96552f000 	C:\WINDOWS\System32\bcryptprimitives.dll
0x00007ff9645e0000 - 0x00007ff9645ec000 	C:\WINDOWS\SYSTEM32\CRYPTBASE.dll
0x00007ff9640b0000 - 0x00007ff9640eb000 	C:\WINDOWS\SYSTEM32\IPHLPAPI.DLL
0x00007ff967170000 - 0x00007ff967179000 	C:\WINDOWS\System32\NSI.dll
0x00007ff95bc50000 - 0x00007ff95bc67000 	C:\WINDOWS\SYSTEM32\dhcpcsvc6.DLL
0x00007ff95c270000 - 0x00007ff95c28d000 	C:\WINDOWS\SYSTEM32\dhcpcsvc.DLL
0x00007ff964100000 - 0x00007ff9641ca000 	C:\WINDOWS\SYSTEM32\DNSAPI.dll
0x00007ff94c700000 - 0x00007ff94c724000 	C:\Program Files\Java\jdk1.8.0_211\jre\bin\sunec.dll
0x00007ff94f120000 - 0x00007ff94f12b000 	C:\Program Files\Java\jdk1.8.0_211\jre\bin\sunmscapi.dll
0x00007ff964fc0000 - 0x00007ff96511d000 	C:\WINDOWS\System32\CRYPT32.dll
0x00007ff9593f0000 - 0x00007ff9593fa000 	C:\Windows\System32\rasadhlp.dll
0x00007ff959a90000 - 0x00007ff959b0f000 	C:\WINDOWS\System32\fwpuclnt.dll
0x00007ff962510000 - 0x00007ff9625a0000 	C:\WINDOWS\system32\apphelp.dll
0x00007ff95bf10000 - 0x00007ff95c0f4000 	C:\WINDOWS\SYSTEM32\dbghelp.dll

VM Arguments:
jvm_args: -XX:MaxMetaspaceSize=256m -XX:+HeapDumpOnOutOfMemoryError -Xms256m -Xmx512m -Dfile.encoding=windows-1252 -Duser.country=US -Duser.language=en -Duser.variant 
java_command: org.gradle.launcher.daemon.bootstrap.GradleDaemon 5.5
java_class_path (initial): C:\Users\Aakas\.gradle\wrapper\dists\gradle-5.5-all\byeise1led9a3w3p149d02kfj\gradle-5.5\lib\gradle-launcher-5.5.jar
Launcher Type: SUN_STANDARD

Environment Variables:
JAVA_HOME=C:\Program Files\Java\jdk1.8.0_211
CLASSPATH=C:\Users\Aakas\OneDrive\Desktop\Practise\ReactNativeBoilerPlate\android\\gradle\wrapper\gradle-wrapper.jar
PATH=C:\Users\Aakas\OneDrive\Desktop\Practise\ReactNativeBoilerPlate\node_modules\.bin;C:\Users\Aakas\AppData\Local\Programs\Python\Python38\Scripts\;C:\ProgramData\Anaconda3;C:\ProgramData\Anaconda3\Library\mingw-w64\bin;C:\ProgramData\Anaconda3\Library\usr\bin;C:\ProgramData\Anaconda3\Library\bin;C:\ProgramData\Anaconda3\Scripts;C:\WINDOWS\system32;C:\WINDOWS;C:\WINDOWS\System32\Wbem;C:\WINDOWS\System32\WindowsPowerShell\v1.0\;C:\WINDOWS\System32\OpenSSH\;C:\Program Files\nodejs\;C:\ProgramData\chocolatey\bin;C:\Program Files\Git\cmd;C:\Users\Aakas\AppData\Local\Android\Sdk\emulator;C:\Users\Aakas\AppData\Local\Android\Sdk\platform-tools;C:\Program Files\Java\jdk1.8.0_211\bin;C:\Users\Aakas\AppData\Local\Programs\Python\Python38\Scripts\;C:\Users\Aakas\AppData\Local\Programs\Python\Python38\;C:\Users\Aakas\AppData\Local\Microsoft\WindowsApps;C:\Users\Aakas\AppData\Roaming\npm;C:\Users\Aakas\AppData\Local\Programs\Microsoft VS Code\bin;C:\Users\Aakas\AppData\Local\atom\bin;C:\Users\Aakas\AppData\Local\Microsoft\WindowsApps;C:\Users\Aakas\AppData\Local\Android\Sdk\emulator;C:\Program Files\Docker Toolbox;C:\Users\Aakas\AppData\Local\Android\Sdk\platform-tools;
USERNAME=Aakas
OS=Windows_NT
PROCESSOR_IDENTIFIER=Intel64 Family 6 Model 61 Stepping 4, GenuineIntel



---------------  S Y S T E M  ---------------

OS: Windows 10.0 , 64 bit Build 19041 (10.0.19041.1)

CPU:total 4 (initial active 4) (2 cores per cpu, 2 threads per core) family 6 model 61 stepping 4, cmov, cx8, fxsr, mmx, sse, sse2, sse3, ssse3, sse4.1, sse4.2, popcnt, avx, avx2, aes, clmul, erms, 3dnowpref, lzcnt, ht, tsc, tscinvbit, bmi1, bmi2, adx

Memory: 4k page, physical 8306224k(1720628k free), swap 9872392k(1826156k free)

vm_info: Java HotSpot(TM) 64-Bit Server VM (25.211-b12) for windows-amd64 JRE (1.8.0_211-b12), built on Apr  1 2019 20:53:26 by "java_re" with MS VC++ 10.0 (VS2010)

time: Mon Mar 16 00:50:09 2020
timezone: India Standard Time
elapsed time: 341 seconds (0d 0h 5m 41s)

